2005.01.15 19:20 B C:\Documents and Settings\Administrator.DANIELSHIFFMAN\My Documents\NOC\week01\examples\1.html --> stage.itp.nyu.edu /home/dts204/public_html/NOC/week01/examples 1.html
2005.01.15 19:20 B C:\Documents and Settings\Administrator.DANIELSHIFFMAN\My Documents\NOC\week01\examples\2.html --> stage.itp.nyu.edu /home/dts204/public_html/NOC/week01/examples 2.html
2005.01.15 19:20 B C:\Documents and Settings\Administrator.DANIELSHIFFMAN\My Documents\NOC\week01\examples\3.html --> stage.itp.nyu.edu /home/dts204/public_html/NOC/week01/examples 3.html
2005.01.15 19:20 B C:\Documents and Settings\Administrator.DANIELSHIFFMAN\My Documents\NOC\week01\examples\4.html --> stage.itp.nyu.edu /home/dts204/public_html/NOC/week01/examples 4.html
2005.01.15 19:20 B C:\Documents and Settings\Administrator.DANIELSHIFFMAN\My Documents\NOC\week01\examples\NOC_week1_a.jar --> stage.itp.nyu.edu /home/dts204/public_html/NOC/week01/examples NOC_week1_a.jar
2005.01.15 19:20 B C:\Documents and Settings\Administrator.DANIELSHIFFMAN\My Documents\NOC\week01\examples\NOC_week1_a.java --> stage.itp.nyu.edu /home/dts204/public_html/NOC/week01/examples NOC_week1_a.java
2005.01.15 19:20 B C:\Documents and Settings\Administrator.DANIELSHIFFMAN\My Documents\NOC\week01\examples\NOC_week1_a.pde --> stage.itp.nyu.edu /home/dts204/public_html/NOC/week01/examples NOC_week1_a.pde
2005.01.15 19:20 B C:\Documents and Settings\Administrator.DANIELSHIFFMAN\My Documents\NOC\week01\examples\NOC_week1_b.jar --> stage.itp.nyu.edu /home/dts204/public_html/NOC/week01/examples NOC_week1_b.jar
2005.01.15 19:20 B C:\Documents and Settings\Administrator.DANIELSHIFFMAN\My Documents\NOC\week01\examples\NOC_week1_b.java --> stage.itp.nyu.edu /home/dts204/public_html/NOC/week01/examples NOC_week1_b.java
2005.01.15 19:20 B C:\Documents and Settings\Administrator.DANIELSHIFFMAN\My Documents\NOC\week01\examples\NOC_week1_b.pde --> stage.itp.nyu.edu /home/dts204/public_html/NOC/week01/examples NOC_week1_b.pde
2005.01.15 19:21 B C:\Documents and Settings\Administrator.DANIELSHIFFMAN\My Documents\NOC\week01\examples\NOC_week1_c.jar --> stage.itp.nyu.edu /home/dts204/public_html/NOC/week01/examples NOC_week1_c.jar
2005.01.15 19:21 B C:\Documents and Settings\Administrator.DANIELSHIFFMAN\My Documents\NOC\week01\examples\NOC_week1_c.java --> stage.itp.nyu.edu /home/dts204/public_html/NOC/week01/examples NOC_week1_c.java
2005.01.15 19:21 B C:\Documents and Settings\Administrator.DANIELSHIFFMAN\My Documents\NOC\week01\examples\NOC_week1_c.pde --> stage.itp.nyu.edu /home/dts204/public_html/NOC/week01/examples NOC_week1_c.pde
2005.01.15 19:21 B C:\Documents and Settings\Administrator.DANIELSHIFFMAN\My Documents\NOC\week01\examples\NOC_week1_d.jar --> stage.itp.nyu.edu /home/dts204/public_html/NOC/week01/examples NOC_week1_d.jar
2005.01.15 19:21 B C:\Documents and Settings\Administrator.DANIELSHIFFMAN\My Documents\NOC\week01\examples\NOC_week1_d.java --> stage.itp.nyu.edu /home/dts204/public_html/NOC/week01/examples NOC_week1_d.java
2005.01.15 19:21 B C:\Documents and Settings\Administrator.DANIELSHIFFMAN\My Documents\NOC\week01\examples\NOC_week1_d.pde --> stage.itp.nyu.edu /home/dts204/public_html/NOC/week01/examples NOC_week1_d.pde
2005.01.15 19:21 B C:\Documents and Settings\Administrator.DANIELSHIFFMAN\My Documents\NOC\week01\examples\Vector2D.java --> stage.itp.nyu.edu /home/dts204/public_html/NOC/week01/examples Vector2D.java
2005.01.18 14:54 B C:\Documents and Settings\Daniel Shiffman\My Documents\itp residency\NOC\web\week01\examples\WS_FTP.LOG <-- stage /home/dts204/public_html/NOC/week01/examples WS_FTP.LOG
2005.01.18 14:55 B C:\Documents and Settings\Daniel Shiffman\My Documents\itp residency\NOC\web\week01\examples\1.html --> stage.itp.tsoa.nyu.edu /opt/www/html/nature/week01/examples 1.html
2005.01.18 14:55 B C:\Documents and Settings\Daniel Shiffman\My Documents\itp residency\NOC\web\week01\examples\2.html --> stage.itp.tsoa.nyu.edu /opt/www/html/nature/week01/examples 2.html
2005.01.18 14:55 B C:\Documents and Settings\Daniel Shiffman\My Documents\itp residency\NOC\web\week01\examples\3.html --> stage.itp.tsoa.nyu.edu /opt/www/html/nature/week01/examples 3.html
2005.01.18 14:55 B C:\Documents and Settings\Daniel Shiffman\My Documents\itp residency\NOC\web\week01\examples\4.html --> stage.itp.tsoa.nyu.edu /opt/www/html/nature/week01/examples 4.html
2005.01.18 14:55 B C:\Documents and Settings\Daniel Shiffman\My Documents\itp residency\NOC\web\week01\examples\NOC_week1_a.jar --> stage.itp.tsoa.nyu.edu /opt/www/html/nature/week01/examples NOC_week1_a.jar
2005.01.18 14:55 B C:\Documents and Settings\Daniel Shiffman\My Documents\itp residency\NOC\web\week01\examples\NOC_week1_a.java --> stage.itp.tsoa.nyu.edu /opt/www/html/nature/week01/examples NOC_week1_a.java
2005.01.18 14:55 B C:\Documents and Settings\Daniel Shiffman\My Documents\itp residency\NOC\web\week01\examples\NOC_week1_a.pde --> stage.itp.tsoa.nyu.edu /opt/www/html/nature/week01/examples NOC_week1_a.pde
2005.01.18 14:55 B C:\Documents and Settings\Daniel Shiffman\My Documents\itp residency\NOC\web\week01\examples\NOC_week1_b.jar --> stage.itp.tsoa.nyu.edu /opt/www/html/nature/week01/examples NOC_week1_b.jar
2005.01.18 14:55 B C:\Documents and Settings\Daniel Shiffman\My Documents\itp residency\NOC\web\week01\examples\NOC_week1_b.java --> stage.itp.tsoa.nyu.edu /opt/www/html/nature/week01/examples NOC_week1_b.java
2005.01.18 14:55 B C:\Documents and Settings\Daniel Shiffman\My Documents\itp residency\NOC\web\week01\examples\NOC_week1_b.pde --> stage.itp.tsoa.nyu.edu /opt/www/html/nature/week01/examples NOC_week1_b.pde
2005.01.18 14:55 B C:\Documents and Settings\Daniel Shiffman\My Documents\itp residency\NOC\web\week01\examples\NOC_week1_c.jar --> stage.itp.tsoa.nyu.edu /opt/www/html/nature/week01/examples NOC_week1_c.jar
2005.01.18 14:55 B C:\Documents and Settings\Daniel Shiffman\My Documents\itp residency\NOC\web\week01\examples\NOC_week1_c.java --> stage.itp.tsoa.nyu.edu /opt/www/html/nature/week01/examples NOC_week1_c.java
2005.01.18 14:55 B C:\Documents and Settings\Daniel Shiffman\My Documents\itp residency\NOC\web\week01\examples\NOC_week1_c.pde --> stage.itp.tsoa.nyu.edu /opt/www/html/nature/week01/examples NOC_week1_c.pde
2005.01.18 14:55 B C:\Documents and Settings\Daniel Shiffman\My Documents\itp residency\NOC\web\week01\examples\NOC_week1_d.jar --> stage.itp.tsoa.nyu.edu /opt/www/html/nature/week01/examples NOC_week1_d.jar
2005.01.18 14:55 B C:\Documents and Settings\Daniel Shiffman\My Documents\itp residency\NOC\web\week01\examples\NOC_week1_d.java --> stage.itp.tsoa.nyu.edu /opt/www/html/nature/week01/examples NOC_week1_d.java
2005.01.18 14:55 B C:\Documents and Settings\Daniel Shiffman\My Documents\itp residency\NOC\web\week01\examples\NOC_week1_d.pde --> stage.itp.tsoa.nyu.edu /opt/www/html/nature/week01/examples NOC_week1_d.pde
2005.01.18 14:55 B C:\Documents and Settings\Daniel Shiffman\My Documents\itp residency\NOC\web\week01\examples\Vector2D.java --> stage.itp.tsoa.nyu.edu /opt/www/html/nature/week01/examples Vector2D.java
