2004.03.05 21:15 B C:\Documents and Settings\Daniel Shiffman\My Documents\itp residency\PP\web\week7\index.html --> stage.itp.tsoa.nyu.edu /home/dts204/public_html/ppaint/week7 index.html
2004.03.05 21:15 B C:\Documents and Settings\Daniel Shiffman\My Documents\itp residency\PP\web\week7\week7a.jar --> stage.itp.tsoa.nyu.edu /home/dts204/public_html/ppaint/week7 week7a.jar
2004.03.05 21:16 B C:\Documents and Settings\Daniel Shiffman\My Documents\itp residency\PP\web\week7\week7b.jar --> stage.itp.tsoa.nyu.edu /home/dts204/public_html/ppaint/week7 week7b.jar
2004.03.05 21:16 B C:\Documents and Settings\Daniel Shiffman\My Documents\itp residency\PP\web\week7\week7b_2.jar --> stage.itp.tsoa.nyu.edu /home/dts204/public_html/ppaint/week7 week7b_2.jar
2004.03.05 21:39 B C:\Documents and Settings\Daniel Shiffman\My Documents\itp residency\PP\web\week7\index2.html --> stage.itp.tsoa.nyu.edu /home/dts204/public_html/ppaint/week7 index2.html
2004.03.05 21:39 B C:\Documents and Settings\Daniel Shiffman\My Documents\itp residency\PP\web\week7\week7c.jar --> stage.itp.tsoa.nyu.edu /home/dts204/public_html/ppaint/week7 week7c.jar
2004.03.05 21:39 B C:\Documents and Settings\Daniel Shiffman\My Documents\itp residency\PP\web\week7\WS_FTP.LOG --> stage.itp.tsoa.nyu.edu /home/dts204/public_html/ppaint/week7 WS_FTP.LOG
2004.03.05 22:05 B C:\Documents and Settings\Daniel Shiffman\My Documents\itp residency\PP\web\week7\gol.gif --> stage.itp.tsoa.nyu.edu /home/dts204/public_html/ppaint/week7 gol.gif
2004.03.05 22:05 B C:\Documents and Settings\Daniel Shiffman\My Documents\itp residency\PP\web\week7\index3.html --> stage.itp.tsoa.nyu.edu /home/dts204/public_html/ppaint/week7 index3.html
2004.03.05 22:05 B C:\Documents and Settings\Daniel Shiffman\My Documents\itp residency\PP\web\week7\week7d.jar --> stage.itp.tsoa.nyu.edu /home/dts204/public_html/ppaint/week7 week7d.jar
2004.03.05 22:05 B C:\Documents and Settings\Daniel Shiffman\My Documents\itp residency\PP\web\week7\week7d.pde --> stage.itp.tsoa.nyu.edu /home/dts204/public_html/ppaint/week7 week7d.pde
2004.03.05 22:05 B C:\Documents and Settings\Daniel Shiffman\My Documents\itp residency\PP\web\week7\week7e.jar --> stage.itp.tsoa.nyu.edu /home/dts204/public_html/ppaint/week7 week7e.jar
2004.03.05 22:05 B C:\Documents and Settings\Daniel Shiffman\My Documents\itp residency\PP\web\week7\week7e.pde --> stage.itp.tsoa.nyu.edu /home/dts204/public_html/ppaint/week7 week7e.pde
2004.03.06 11:12 B C:\Documents and Settings\Daniel Shiffman\My Documents\itp residency\PP\web\week7\index.html --> stage.itp.tsoa.nyu.edu /home/dts204/public_html/ppaint/week7 index.html
2004.03.06 11:13 B C:\Documents and Settings\Daniel Shiffman\My Documents\itp residency\PP\web\week7\gol.gif --> stage.itp.tsoa.nyu.edu /home/dts204/public_html/ppaint/week7 gol.gif
2004.03.06 11:13 B C:\Documents and Settings\Daniel Shiffman\My Documents\itp residency\PP\web\week7\index.html --> stage.itp.tsoa.nyu.edu /home/dts204/public_html/ppaint/week7 index.html
2004.03.06 11:13 B C:\Documents and Settings\Daniel Shiffman\My Documents\itp residency\PP\web\week7\index2.html --> stage.itp.tsoa.nyu.edu /home/dts204/public_html/ppaint/week7 index2.html
2004.03.06 11:13 B C:\Documents and Settings\Daniel Shiffman\My Documents\itp residency\PP\web\week7\index3.html --> stage.itp.tsoa.nyu.edu /home/dts204/public_html/ppaint/week7 index3.html
2004.03.06 11:13 B C:\Documents and Settings\Daniel Shiffman\My Documents\itp residency\PP\web\week7\week7a.jar --> stage.itp.tsoa.nyu.edu /home/dts204/public_html/ppaint/week7 week7a.jar
2004.03.06 11:13 B C:\Documents and Settings\Daniel Shiffman\My Documents\itp residency\PP\web\week7\week7b.jar --> stage.itp.tsoa.nyu.edu /home/dts204/public_html/ppaint/week7 week7b.jar
2004.03.06 11:13 B C:\Documents and Settings\Daniel Shiffman\My Documents\itp residency\PP\web\week7\week7b_2.jar --> stage.itp.tsoa.nyu.edu /home/dts204/public_html/ppaint/week7 week7b_2.jar
2004.03.06 11:13 B C:\Documents and Settings\Daniel Shiffman\My Documents\itp residency\PP\web\week7\week7c.jar --> stage.itp.tsoa.nyu.edu /home/dts204/public_html/ppaint/week7 week7c.jar
2004.03.06 11:13 B C:\Documents and Settings\Daniel Shiffman\My Documents\itp residency\PP\web\week7\week7d.jar --> stage.itp.tsoa.nyu.edu /home/dts204/public_html/ppaint/week7 week7d.jar
2004.03.06 11:13 B C:\Documents and Settings\Daniel Shiffman\My Documents\itp residency\PP\web\week7\week7d.pde --> stage.itp.tsoa.nyu.edu /home/dts204/public_html/ppaint/week7 week7d.pde
2004.03.06 11:13 B C:\Documents and Settings\Daniel Shiffman\My Documents\itp residency\PP\web\week7\week7e.jar --> stage.itp.tsoa.nyu.edu /home/dts204/public_html/ppaint/week7 week7e.jar
2004.03.06 11:13 B C:\Documents and Settings\Daniel Shiffman\My Documents\itp residency\PP\web\week7\week7e.pde --> stage.itp.tsoa.nyu.edu /home/dts204/public_html/ppaint/week7 week7e.pde
2004.03.08 15:29 B C:\Documents and Settings\Daniel Shiffman\My Documents\itp residency\PP\web\week7\gray.jpg --> stage.itp.tsoa.nyu.edu /home/dts204/public_html/ppaint/week7 gray.jpg
2004.03.08 15:29 B C:\Documents and Settings\Daniel Shiffman\My Documents\itp residency\PP\web\week7\index2.html --> stage.itp.tsoa.nyu.edu /home/dts204/public_html/ppaint/week7 index2.html
2004.03.08 15:29 B C:\Documents and Settings\Daniel Shiffman\My Documents\itp residency\PP\web\week7\week7z.jar --> stage.itp.tsoa.nyu.edu /home/dts204/public_html/ppaint/week7 week7z.jar
