2004.01.22 14:28 B C:\Documents and Settings\Daniel Shiffman\My Documents\itp residency\PP\week1\index.html --> stage.itp.tsoa.nyu.edu /home/dts204/public_html/ppaint/week1 index.html
2004.01.22 14:28 B C:\Documents and Settings\Daniel Shiffman\My Documents\itp residency\PP\week1\week1a.jar --> stage.itp.tsoa.nyu.edu /home/dts204/public_html/ppaint/week1 week1a.jar
2004.01.22 14:28 B C:\Documents and Settings\Daniel Shiffman\My Documents\itp residency\PP\week1\week1b.jar --> stage.itp.tsoa.nyu.edu /home/dts204/public_html/ppaint/week1 week1b.jar
2004.01.22 14:28 B C:\Documents and Settings\Daniel Shiffman\My Documents\itp residency\PP\week1\week1c.jar --> stage.itp.tsoa.nyu.edu /home/dts204/public_html/ppaint/week1 week1c.jar
2004.01.22 14:28 B C:\Documents and Settings\Daniel Shiffman\My Documents\itp residency\PP\week1\week1d.jar --> stage.itp.tsoa.nyu.edu /home/dts204/public_html/ppaint/week1 week1d.jar
2004.01.22 17:53 B C:\Documents and Settings\Daniel Shiffman\My Documents\itp residency\PP\week1\WS_FTP.LOG --> stage.itp.tsoa.nyu.edu /home/dts204/public_html/ppaint/week1 WS_FTP.LOG
2004.01.22 17:53 B C:\Documents and Settings\Daniel Shiffman\My Documents\itp residency\PP\week1\index.html --> stage.itp.tsoa.nyu.edu /home/dts204/public_html/ppaint/week1 index.html
2004.01.22 17:53 B C:\Documents and Settings\Daniel Shiffman\My Documents\itp residency\PP\week1\week1a.jar --> stage.itp.tsoa.nyu.edu /home/dts204/public_html/ppaint/week1 week1a.jar
2004.01.22 17:53 B C:\Documents and Settings\Daniel Shiffman\My Documents\itp residency\PP\week1\week1b.jar --> stage.itp.tsoa.nyu.edu /home/dts204/public_html/ppaint/week1 week1b.jar
2004.01.22 17:53 B C:\Documents and Settings\Daniel Shiffman\My Documents\itp residency\PP\week1\week1c.jar --> stage.itp.tsoa.nyu.edu /home/dts204/public_html/ppaint/week1 week1c.jar
2004.01.22 17:53 B C:\Documents and Settings\Daniel Shiffman\My Documents\itp residency\PP\week1\week1d.jar --> stage.itp.tsoa.nyu.edu /home/dts204/public_html/ppaint/week1 week1d.jar
2004.01.29 23:29 B C:\Documents and Settings\Daniel Shiffman\My Documents\itp residency\PP\web\week2\index.html --> stage.itp.tsoa.nyu.edu /home/dts204/public_html/ppaint/week2 index.html
2004.01.29 23:29 B C:\Documents and Settings\Daniel Shiffman\My Documents\itp residency\PP\web\week2\week2a.jar --> stage.itp.tsoa.nyu.edu /home/dts204/public_html/ppaint/week2 week2a.jar
2004.01.29 23:29 B C:\Documents and Settings\Daniel Shiffman\My Documents\itp residency\PP\web\week2\week2d.jar --> stage.itp.tsoa.nyu.edu /home/dts204/public_html/ppaint/week2 week2d.jar
2004.01.29 23:29 B C:\Documents and Settings\Daniel Shiffman\My Documents\itp residency\PP\web\week2\week2e.jar --> stage.itp.tsoa.nyu.edu /home/dts204/public_html/ppaint/week2 week2e.jar
2004.01.29 23:29 B C:\Documents and Settings\Daniel Shiffman\My Documents\itp residency\PP\web\week2\week2f.jar --> stage.itp.tsoa.nyu.edu /home/dts204/public_html/ppaint/week2 week2f.jar
2004.01.29 23:29 B C:\Documents and Settings\Daniel Shiffman\My Documents\itp residency\PP\web\week2\week2g.jar --> stage.itp.tsoa.nyu.edu /home/dts204/public_html/ppaint/week2 week2g.jar
2004.01.29 23:29 B C:\Documents and Settings\Daniel Shiffman\My Documents\itp residency\PP\web\week2\WS_FTP.LOG --> stage.itp.tsoa.nyu.edu /home/dts204/public_html/ppaint/week2 WS_FTP.LOG
2004.02.05 15:10 B C:\Documents and Settings\Daniel Shiffman\My Documents\itp residency\PP\web\week3\index.html --> stage.itp.tsoa.nyu.edu /home/dts204/public_html/ppaint/week3 index.html
2004.02.05 15:10 B C:\Documents and Settings\Daniel Shiffman\My Documents\itp residency\PP\web\week3\week3a.jar --> stage.itp.tsoa.nyu.edu /home/dts204/public_html/ppaint/week3 week3a.jar
