2004.01.22 14:28 B C:\Documents and Settings\Daniel Shiffman\My Documents\itp residency\PP\week1\index.html --> stage.itp.tsoa.nyu.edu /home/dts204/public_html/ppaint/week1 index.html
2004.01.22 14:28 B C:\Documents and Settings\Daniel Shiffman\My Documents\itp residency\PP\week1\week1a.jar --> stage.itp.tsoa.nyu.edu /home/dts204/public_html/ppaint/week1 week1a.jar
2004.01.22 14:28 B C:\Documents and Settings\Daniel Shiffman\My Documents\itp residency\PP\week1\week1b.jar --> stage.itp.tsoa.nyu.edu /home/dts204/public_html/ppaint/week1 week1b.jar
2004.01.22 14:28 B C:\Documents and Settings\Daniel Shiffman\My Documents\itp residency\PP\week1\week1c.jar --> stage.itp.tsoa.nyu.edu /home/dts204/public_html/ppaint/week1 week1c.jar
2004.01.22 14:28 B C:\Documents and Settings\Daniel Shiffman\My Documents\itp residency\PP\week1\week1d.jar --> stage.itp.tsoa.nyu.edu /home/dts204/public_html/ppaint/week1 week1d.jar
2004.01.22 17:53 B C:\Documents and Settings\Daniel Shiffman\My Documents\itp residency\PP\week1\WS_FTP.LOG --> stage.itp.tsoa.nyu.edu /home/dts204/public_html/ppaint/week1 WS_FTP.LOG
2004.01.22 17:53 B C:\Documents and Settings\Daniel Shiffman\My Documents\itp residency\PP\week1\index.html --> stage.itp.tsoa.nyu.edu /home/dts204/public_html/ppaint/week1 index.html
2004.01.22 17:53 B C:\Documents and Settings\Daniel Shiffman\My Documents\itp residency\PP\week1\week1a.jar --> stage.itp.tsoa.nyu.edu /home/dts204/public_html/ppaint/week1 week1a.jar
2004.01.22 17:53 B C:\Documents and Settings\Daniel Shiffman\My Documents\itp residency\PP\week1\week1b.jar --> stage.itp.tsoa.nyu.edu /home/dts204/public_html/ppaint/week1 week1b.jar
2004.01.22 17:53 B C:\Documents and Settings\Daniel Shiffman\My Documents\itp residency\PP\week1\week1c.jar --> stage.itp.tsoa.nyu.edu /home/dts204/public_html/ppaint/week1 week1c.jar
2004.01.22 17:53 B C:\Documents and Settings\Daniel Shiffman\My Documents\itp residency\PP\week1\week1d.jar --> stage.itp.tsoa.nyu.edu /home/dts204/public_html/ppaint/week1 week1d.jar
2004.01.29 23:29 B C:\Documents and Settings\Daniel Shiffman\My Documents\itp residency\PP\web\week2\index.html --> stage.itp.tsoa.nyu.edu /home/dts204/public_html/ppaint/week2 index.html
2004.01.29 23:29 B C:\Documents and Settings\Daniel Shiffman\My Documents\itp residency\PP\web\week2\week2a.jar --> stage.itp.tsoa.nyu.edu /home/dts204/public_html/ppaint/week2 week2a.jar
2004.01.29 23:29 B C:\Documents and Settings\Daniel Shiffman\My Documents\itp residency\PP\web\week2\week2d.jar --> stage.itp.tsoa.nyu.edu /home/dts204/public_html/ppaint/week2 week2d.jar
2004.01.29 23:29 B C:\Documents and Settings\Daniel Shiffman\My Documents\itp residency\PP\web\week2\week2e.jar --> stage.itp.tsoa.nyu.edu /home/dts204/public_html/ppaint/week2 week2e.jar
2004.01.29 23:29 B C:\Documents and Settings\Daniel Shiffman\My Documents\itp residency\PP\web\week2\week2f.jar --> stage.itp.tsoa.nyu.edu /home/dts204/public_html/ppaint/week2 week2f.jar
2004.01.29 23:29 B C:\Documents and Settings\Daniel Shiffman\My Documents\itp residency\PP\web\week2\week2g.jar --> stage.itp.tsoa.nyu.edu /home/dts204/public_html/ppaint/week2 week2g.jar
2004.01.29 23:29 B C:\Documents and Settings\Daniel Shiffman\My Documents\itp residency\PP\web\week2\WS_FTP.LOG --> stage.itp.tsoa.nyu.edu /home/dts204/public_html/ppaint/week2 WS_FTP.LOG
2004.02.05 15:10 B C:\Documents and Settings\Daniel Shiffman\My Documents\itp residency\PP\web\week3\index.html --> stage.itp.tsoa.nyu.edu /home/dts204/public_html/ppaint/week3 index.html
2004.02.05 15:10 B C:\Documents and Settings\Daniel Shiffman\My Documents\itp residency\PP\web\week3\week3a.jar --> stage.itp.tsoa.nyu.edu /home/dts204/public_html/ppaint/week3 week3a.jar
2004.02.05 15:10 B C:\Documents and Settings\Daniel Shiffman\My Documents\itp residency\PP\web\week3\WS_FTP.LOG --> stage.itp.tsoa.nyu.edu /home/dts204/public_html/ppaint/week3 WS_FTP.LOG
2004.02.05 15:41 B C:\Documents and Settings\Daniel Shiffman\My Documents\itp residency\PP\web\week3\week3b.jar --> stage.itp.tsoa.nyu.edu /home/dts204/public_html/ppaint/week3 week3b.jar
2004.02.05 18:33 B C:\Documents and Settings\Daniel Shiffman\My Documents\itp residency\PP\web\week3\week3d.jar --> stage.itp.tsoa.nyu.edu /home/dts204/public_html/ppaint/week3 week3d.jar
2004.02.05 18:40 B C:\Documents and Settings\Daniel Shiffman\My Documents\itp residency\PP\web\week3\week3e.jar --> stage.itp.tsoa.nyu.edu /home/dts204/public_html/ppaint/week3 week3e.jar
2004.02.05 18:40 B C:\Documents and Settings\Daniel Shiffman\My Documents\itp residency\PP\web\week3\index.html --> stage.itp.tsoa.nyu.edu /home/dts204/public_html/ppaint/week3 index.html
2004.02.05 18:46 B C:\Documents and Settings\Daniel Shiffman\My Documents\itp residency\PP\web\week3\index.html --> stage.itp.tsoa.nyu.edu /home/dts204/public_html/ppaint/week3 index.html
2004.02.05 18:46 B C:\Documents and Settings\Daniel Shiffman\My Documents\itp residency\PP\web\week3\week3a.jar --> stage.itp.tsoa.nyu.edu /home/dts204/public_html/ppaint/week3 week3a.jar
2004.02.05 18:46 B C:\Documents and Settings\Daniel Shiffman\My Documents\itp residency\PP\web\week3\week3b.jar --> stage.itp.tsoa.nyu.edu /home/dts204/public_html/ppaint/week3 week3b.jar
2004.02.05 18:46 B C:\Documents and Settings\Daniel Shiffman\My Documents\itp residency\PP\web\week3\week3d.jar --> stage.itp.tsoa.nyu.edu /home/dts204/public_html/ppaint/week3 week3d.jar
2004.02.05 18:46 B C:\Documents and Settings\Daniel Shiffman\My Documents\itp residency\PP\web\week3\week3e.jar --> stage.itp.tsoa.nyu.edu /home/dts204/public_html/ppaint/week3 week3e.jar
2004.02.05 18:46 B C:\Documents and Settings\Daniel Shiffman\My Documents\itp residency\PP\web\week3\week3f.jar --> stage.itp.tsoa.nyu.edu /home/dts204/public_html/ppaint/week3 week3f.jar
2004.02.05 18:46 B C:\Documents and Settings\Daniel Shiffman\My Documents\itp residency\PP\web\week3\week3g.jar --> stage.itp.tsoa.nyu.edu /home/dts204/public_html/ppaint/week3 week3g.jar
2004.02.09 10:54 B C:\Documents and Settings\Daniel Shiffman\My Documents\itp residency\PP\web\week3\index.html --> stage.itp.tsoa.nyu.edu /home/dts204/public_html/ppaint/week3 index.html
2004.02.13 07:54 B C:\Documents and Settings\Daniel Shiffman\My Documents\itp residency\PP\web\week4\index.html --> stage.itp.tsoa.nyu.edu /home/dts204/public_html/ppaint/week4 index.html
2004.02.13 07:54 B C:\Documents and Settings\Daniel Shiffman\My Documents\itp residency\PP\web\week4\week4b.jar --> stage.itp.tsoa.nyu.edu /home/dts204/public_html/ppaint/week4 week4b.jar
2004.02.13 07:54 B C:\Documents and Settings\Daniel Shiffman\My Documents\itp residency\PP\web\week4\week4c.jar --> stage.itp.tsoa.nyu.edu /home/dts204/public_html/ppaint/week4 week4c.jar
2004.02.13 07:54 B C:\Documents and Settings\Daniel Shiffman\My Documents\itp residency\PP\web\week4\week4d.jar --> stage.itp.tsoa.nyu.edu /home/dts204/public_html/ppaint/week4 week4d.jar
