100.07.28 23:59 B C:\danny's place\nervous\index.html --> www.shiffman.net /nervous index.html
100.07.28 23:59 B C:\danny's place\nervous\nervousman.jpg --> www.shiffman.net /nervous nervousman.jpg
100.07.29 00:31 B C:\danny's place\nervous\phone.mpg --> www.shiffman.net /nervous phone.mpg
100.07.29 00:31 B C:\danny's place\nervous\index.html --> www.shiffman.net /nervous index.html
100.07.31 17:01 B C:\danny's place\nervous\glasses.mov --> www.shiffman.net /nervous glasses.mov
100.07.31 17:01 B C:\danny's place\nervous\index.html --> www.shiffman.net /nervous index.html
100.07.31 17:01 B C:\danny's place\nervous\phone.mov --> www.shiffman.net /nervous phone.mov
100.08.05 17:59 B C:\danny's place\nervous\cam.html --> www.shiffman.net /nervous cam.html
100.08.05 17:59 B C:\danny's place\nervous\webcamremote.html --> www.shiffman.net /nervous webcamremote.html
100.08.05 18:00 B C:\danny's place\nervous\index.html --> www.shiffman.net /nervous index.html
100.08.05 20:24 B C:\danny's place\nervous\cam.html --> www.shiffman.net /nervous cam.html
100.08.05 20:25 B C:\danny's place\nervous\cam.html --> www.shiffman.net /nervous cam.html
100.08.05 20:25 B C:\danny's place\nervous\cam.html --> www.shiffman.net /nervous cam.html
100.08.05 20:27 B C:\danny's place\nervous\cam.html --> www.shiffman.net /nervous cam.html
100.08.06 13:13 B C:\danny's place\nervous\cam.html --> www.shiffman.net /nervous cam.html
100.08.07 23:35 B C:\danny's place\nervous\index.html --> www.shiffman.net /nervous index.html
100.08.07 23:38 B C:\danny's place\nervous\thefork.mpg --> www.shiffman.net /nervous thefork.mpg
100.08.07 23:41 B C:\danny's place\nervous\thefork.mpg --> www.shiffman.net /nervous thefork.mpg
100.08.07 23:42 B C:\danny's place\nervous\index.html --> www.shiffman.net /nervous index.html
100.08.07 23:44 B C:\danny's place\nervous\thefork.mpg --> www.shiffman.net /nervous thefork.mpg
